[26-Apr-2026 23:47:31 UTC] PHP Deprecated:  strpos(): Passing null to parameter #1 ($haystack) of type string is deprecated in C:\Users\ADMIN\Local Sites\ska-core-builder\app\public\wp-content\plugins\ska-no-code-design\inc\design-engine\class-style-manager.php on line 100
[26-Apr-2026 23:47:31 UTC] PHP Deprecated:  strpos(): Passing null to parameter #1 ($haystack) of type string is deprecated in C:\Users\ADMIN\Local Sites\ska-core-builder\app\public\wp-content\plugins\ska-no-code-design\inc\design-engine\class-style-manager.php on line 104
[26-Apr-2026 23:47:31 UTC] PHP Deprecated:  strpos(): Passing null to parameter #1 ($haystack) of type string is deprecated in C:\Users\ADMIN\Local Sites\ska-core-builder\app\public\wp-content\plugins\ska-no-code-design\inc\design-engine\class-style-manager.php on line 100
[26-Apr-2026 23:47:31 UTC] PHP Deprecated:  strpos(): Passing null to parameter #1 ($haystack) of type string is deprecated in C:\Users\ADMIN\Local Sites\ska-core-builder\app\public\wp-content\plugins\ska-no-code-design\inc\design-engine\class-style-manager.php on line 104
[26-Apr-2026 23:47:31 UTC] PHP Deprecated:  strpos(): Passing null to parameter #1 ($haystack) of type string is deprecated in C:\Users\ADMIN\Local Sites\ska-core-builder\app\public\wp-content\plugins\ska-no-code-design\inc\design-engine\class-style-manager.php on line 100
[26-Apr-2026 23:47:31 UTC] PHP Deprecated:  strpos(): Passing null to parameter #1 ($haystack) of type string is deprecated in C:\Users\ADMIN\Local Sites\ska-core-builder\app\public\wp-content\plugins\ska-no-code-design\inc\design-engine\class-style-manager.php on line 104
[26-Apr-2026 23:47:31 UTC] PHP Deprecated:  strpos(): Passing null to parameter #1 ($haystack) of type string is deprecated in C:\Users\ADMIN\Local Sites\ska-core-builder\app\public\wp-content\plugins\ska-no-code-design\blocks\init.php on line 149
[26-Apr-2026 23:47:31 UTC] PHP Deprecated:  strpos(): Passing null to parameter #1 ($haystack) of type string is deprecated in C:\Users\ADMIN\Local Sites\ska-core-builder\app\public\wp-content\plugins\ska-logic-engine\includes\pipeline\class-dynamic-content.php on line 47
[26-Apr-2026 23:47:31 UTC] PHP Deprecated:  strpos(): Passing null to parameter #1 ($haystack) of type string is deprecated in C:\Users\ADMIN\Local Sites\ska-core-builder\app\public\wp-content\plugins\ska-no-code-design\blocks\init.php on line 149
[26-Apr-2026 23:47:31 UTC] PHP Deprecated:  strpos(): Passing null to parameter #1 ($haystack) of type string is deprecated in C:\Users\ADMIN\Local Sites\ska-core-builder\app\public\wp-content\plugins\ska-logic-engine\includes\pipeline\class-dynamic-content.php on line 47
[26-Apr-2026 23:47:31 UTC] PHP Deprecated:  strpos(): Passing null to parameter #1 ($haystack) of type string is deprecated in C:\Users\ADMIN\Local Sites\ska-core-builder\app\public\wp-content\plugins\ska-no-code-design\blocks\init.php on line 149
[26-Apr-2026 23:47:31 UTC] PHP Deprecated:  strpos(): Passing null to parameter #1 ($haystack) of type string is deprecated in C:\Users\ADMIN\Local Sites\ska-core-builder\app\public\wp-content\plugins\ska-logic-engine\includes\pipeline\class-dynamic-content.php on line 47
[26-Apr-2026 23:47:42 UTC] Ska_Workflow_Runner: Graph rỗng hoặc không tìm thấy workflow_id = lay-api
[26-Apr-2026 23:48:08 UTC] Ska_Workflow_Runner: Graph rỗng hoặc không tìm thấy workflow_id = lay-api
[26-Apr-2026 23:48:27 UTC] Ska_Workflow_Runner: Graph rỗng hoặc không tìm thấy workflow_id = lay-api
[26-Apr-2026 23:48:36 UTC] Ska_Workflow_Runner: Đã load graph cho api_test. Nodes count: 4
[26-Apr-2026 23:48:36 UTC] Ska_Logic_DB_Action: Bắt đầu xử lý cho Table wp_ska_data_app_app_viet_de_test_node_logic_test_api_log. Action: insert
[26-Apr-2026 23:48:36 UTC] Mappings: Array
(
    [ten_nguoi_gui] => [http_response.body.name]
    [nghe_nghiep] => [http_response.body.email]
    [api_response_id] => [http_response.body.id]
)

[26-Apr-2026 23:48:36 UTC] Ska_Logic_DB_Action: Đã Insert thành công vào wp_ska_data_app_app_viet_de_test_node_logic_test_api_log, ID: 6
[26-Apr-2026 23:53:24 UTC] PHP Deprecated:  strpos(): Passing null to parameter #1 ($haystack) of type string is deprecated in C:\Users\ADMIN\Local Sites\ska-core-builder\app\public\wp-includes\functions.php on line 7374
[26-Apr-2026 23:53:24 UTC] PHP Deprecated:  str_replace(): Passing null to parameter #3 ($subject) of type array|string is deprecated in C:\Users\ADMIN\Local Sites\ska-core-builder\app\public\wp-includes\functions.php on line 2196
[26-Apr-2026 23:53:29 UTC] Ska_Workflow_Runner: Graph rỗng hoặc không tìm thấy workflow_id = lay-api
[26-Apr-2026 23:53:32 UTC] PHP Deprecated:  strpos(): Passing null to parameter #1 ($haystack) of type string is deprecated in C:\Users\ADMIN\Local Sites\ska-core-builder\app\public\wp-includes\functions.php on line 7374
[26-Apr-2026 23:53:32 UTC] PHP Deprecated:  str_replace(): Passing null to parameter #3 ($subject) of type array|string is deprecated in C:\Users\ADMIN\Local Sites\ska-core-builder\app\public\wp-includes\functions.php on line 2196
[26-Apr-2026 23:53:35 UTC] Ska_Workflow_Runner: Graph rỗng hoặc không tìm thấy workflow_id = lay-api
[26-Apr-2026 23:53:36 UTC] Ska_Workflow_Runner: Graph rỗng hoặc không tìm thấy workflow_id = lay-api
[26-Apr-2026 23:53:36 UTC] Ska_Workflow_Runner: Graph rỗng hoặc không tìm thấy workflow_id = lay-api
[26-Apr-2026 23:53:36 UTC] Ska_Workflow_Runner: Graph rỗng hoặc không tìm thấy workflow_id = lay-api
[26-Apr-2026 23:53:36 UTC] Ska_Workflow_Runner: Graph rỗng hoặc không tìm thấy workflow_id = lay-api
[26-Apr-2026 23:53:37 UTC] Ska_Workflow_Runner: Graph rỗng hoặc không tìm thấy workflow_id = lay-api
[26-Apr-2026 23:55:32 UTC] Ska_Workflow_Runner: Graph rỗng hoặc không tìm thấy workflow_id = lay-api
[26-Apr-2026 23:55:32 UTC] Ska_Workflow_Runner: Graph rỗng hoặc không tìm thấy workflow_id = lay-api
[26-Apr-2026 23:55:32 UTC] Ska_Workflow_Runner: Graph rỗng hoặc không tìm thấy workflow_id = lay-api
[26-Apr-2026 23:55:33 UTC] Ska_Workflow_Runner: Graph rỗng hoặc không tìm thấy workflow_id = lay-api
[26-Apr-2026 23:55:33 UTC] Ska_Workflow_Runner: Graph rỗng hoặc không tìm thấy workflow_id = lay-api
[26-Apr-2026 23:55:36 UTC] Ska_Workflow_Runner: Graph rỗng hoặc không tìm thấy workflow_id = lay-api
[26-Apr-2026 23:55:41 UTC] PHP Deprecated:  strpos(): Passing null to parameter #1 ($haystack) of type string is deprecated in C:\Users\ADMIN\Local Sites\ska-core-builder\app\public\wp-includes\functions.php on line 7374
[26-Apr-2026 23:55:41 UTC] PHP Deprecated:  str_replace(): Passing null to parameter #3 ($subject) of type array|string is deprecated in C:\Users\ADMIN\Local Sites\ska-core-builder\app\public\wp-includes\functions.php on line 2196
[26-Apr-2026 23:55:46 UTC] PHP Deprecated:  strpos(): Passing null to parameter #1 ($haystack) of type string is deprecated in C:\Users\ADMIN\Local Sites\ska-core-builder\app\public\wp-content\plugins\ska-no-code-design\inc\design-engine\class-style-manager.php on line 100
[26-Apr-2026 23:55:46 UTC] PHP Deprecated:  strpos(): Passing null to parameter #1 ($haystack) of type string is deprecated in C:\Users\ADMIN\Local Sites\ska-core-builder\app\public\wp-content\plugins\ska-no-code-design\inc\design-engine\class-style-manager.php on line 104
[26-Apr-2026 23:55:46 UTC] PHP Deprecated:  strpos(): Passing null to parameter #1 ($haystack) of type string is deprecated in C:\Users\ADMIN\Local Sites\ska-core-builder\app\public\wp-content\plugins\ska-no-code-design\inc\design-engine\class-style-manager.php on line 100
[26-Apr-2026 23:55:46 UTC] PHP Deprecated:  strpos(): Passing null to parameter #1 ($haystack) of type string is deprecated in C:\Users\ADMIN\Local Sites\ska-core-builder\app\public\wp-content\plugins\ska-no-code-design\inc\design-engine\class-style-manager.php on line 104
[26-Apr-2026 23:55:46 UTC] PHP Deprecated:  strpos(): Passing null to parameter #1 ($haystack) of type string is deprecated in C:\Users\ADMIN\Local Sites\ska-core-builder\app\public\wp-content\plugins\ska-no-code-design\inc\design-engine\class-style-manager.php on line 100
[26-Apr-2026 23:55:46 UTC] PHP Deprecated:  strpos(): Passing null to parameter #1 ($haystack) of type string is deprecated in C:\Users\ADMIN\Local Sites\ska-core-builder\app\public\wp-content\plugins\ska-no-code-design\inc\design-engine\class-style-manager.php on line 104
[26-Apr-2026 23:55:46 UTC] PHP Deprecated:  strpos(): Passing null to parameter #1 ($haystack) of type string is deprecated in C:\Users\ADMIN\Local Sites\ska-core-builder\app\public\wp-content\plugins\ska-no-code-design\blocks\init.php on line 149
[26-Apr-2026 23:55:46 UTC] PHP Deprecated:  strpos(): Passing null to parameter #1 ($haystack) of type string is deprecated in C:\Users\ADMIN\Local Sites\ska-core-builder\app\public\wp-content\plugins\ska-logic-engine\includes\pipeline\class-dynamic-content.php on line 47
[26-Apr-2026 23:55:46 UTC] PHP Deprecated:  strpos(): Passing null to parameter #1 ($haystack) of type string is deprecated in C:\Users\ADMIN\Local Sites\ska-core-builder\app\public\wp-content\plugins\ska-no-code-design\blocks\init.php on line 149
[26-Apr-2026 23:55:46 UTC] PHP Deprecated:  strpos(): Passing null to parameter #1 ($haystack) of type string is deprecated in C:\Users\ADMIN\Local Sites\ska-core-builder\app\public\wp-content\plugins\ska-logic-engine\includes\pipeline\class-dynamic-content.php on line 47
[26-Apr-2026 23:55:46 UTC] PHP Deprecated:  strpos(): Passing null to parameter #1 ($haystack) of type string is deprecated in C:\Users\ADMIN\Local Sites\ska-core-builder\app\public\wp-content\plugins\ska-no-code-design\blocks\init.php on line 149
[26-Apr-2026 23:55:46 UTC] PHP Deprecated:  strpos(): Passing null to parameter #1 ($haystack) of type string is deprecated in C:\Users\ADMIN\Local Sites\ska-core-builder\app\public\wp-content\plugins\ska-logic-engine\includes\pipeline\class-dynamic-content.php on line 47
[26-Apr-2026 23:55:59 UTC] Ska_Workflow_Runner: Graph rỗng hoặc không tìm thấy workflow_id = lay-api
[26-Apr-2026 23:56:18 UTC] Ska_Workflow_Runner: Graph rỗng hoặc không tìm thấy workflow_id = lay-api
[26-Apr-2026 23:56:25 UTC] Ska_Workflow_Runner: Graph rỗng hoặc không tìm thấy workflow_id = lay-api
[26-Apr-2026 23:56:25 UTC] Ska_Workflow_Runner: Đã load graph cho api_test. Nodes count: 4
[26-Apr-2026 23:56:25 UTC] Ska_Logic_DB_Action: Bắt đầu xử lý cho Table wp_ska_data_app_app_viet_de_test_node_logic_test_api_log. Action: insert
[26-Apr-2026 23:56:25 UTC] Mappings: Array
(
    [ten_nguoi_gui] => [http_response.body.name]
    [nghe_nghiep] => [http_response.body.email]
    [api_response_id] => [http_response.body.id]
)

[26-Apr-2026 23:56:25 UTC] Ska_Logic_DB_Action: Đã Insert thành công vào wp_ska_data_app_app_viet_de_test_node_logic_test_api_log, ID: 7
[26-Apr-2026 23:57:27 UTC] PHP Deprecated:  strpos(): Passing null to parameter #1 ($haystack) of type string is deprecated in C:\Users\ADMIN\Local Sites\ska-core-builder\app\public\wp-content\plugins\ska-no-code-design\inc\design-engine\class-style-manager.php on line 100
[26-Apr-2026 23:57:27 UTC] PHP Deprecated:  strpos(): Passing null to parameter #1 ($haystack) of type string is deprecated in C:\Users\ADMIN\Local Sites\ska-core-builder\app\public\wp-content\plugins\ska-no-code-design\inc\design-engine\class-style-manager.php on line 104
[26-Apr-2026 23:57:27 UTC] PHP Deprecated:  strpos(): Passing null to parameter #1 ($haystack) of type string is deprecated in C:\Users\ADMIN\Local Sites\ska-core-builder\app\public\wp-content\plugins\ska-no-code-design\inc\design-engine\class-style-manager.php on line 100
[26-Apr-2026 23:57:27 UTC] PHP Deprecated:  strpos(): Passing null to parameter #1 ($haystack) of type string is deprecated in C:\Users\ADMIN\Local Sites\ska-core-builder\app\public\wp-content\plugins\ska-no-code-design\inc\design-engine\class-style-manager.php on line 104
[26-Apr-2026 23:57:27 UTC] PHP Deprecated:  strpos(): Passing null to parameter #1 ($haystack) of type string is deprecated in C:\Users\ADMIN\Local Sites\ska-core-builder\app\public\wp-content\plugins\ska-no-code-design\inc\design-engine\class-style-manager.php on line 100
[26-Apr-2026 23:57:27 UTC] PHP Deprecated:  strpos(): Passing null to parameter #1 ($haystack) of type string is deprecated in C:\Users\ADMIN\Local Sites\ska-core-builder\app\public\wp-content\plugins\ska-no-code-design\inc\design-engine\class-style-manager.php on line 104
[26-Apr-2026 23:57:27 UTC] PHP Deprecated:  strpos(): Passing null to parameter #1 ($haystack) of type string is deprecated in C:\Users\ADMIN\Local Sites\ska-core-builder\app\public\wp-content\plugins\ska-no-code-design\blocks\init.php on line 149
[26-Apr-2026 23:57:27 UTC] PHP Deprecated:  strpos(): Passing null to parameter #1 ($haystack) of type string is deprecated in C:\Users\ADMIN\Local Sites\ska-core-builder\app\public\wp-content\plugins\ska-logic-engine\includes\pipeline\class-dynamic-content.php on line 47
[26-Apr-2026 23:57:27 UTC] PHP Deprecated:  strpos(): Passing null to parameter #1 ($haystack) of type string is deprecated in C:\Users\ADMIN\Local Sites\ska-core-builder\app\public\wp-content\plugins\ska-no-code-design\blocks\init.php on line 149
[26-Apr-2026 23:57:27 UTC] PHP Deprecated:  strpos(): Passing null to parameter #1 ($haystack) of type string is deprecated in C:\Users\ADMIN\Local Sites\ska-core-builder\app\public\wp-content\plugins\ska-logic-engine\includes\pipeline\class-dynamic-content.php on line 47
[26-Apr-2026 23:57:27 UTC] PHP Deprecated:  strpos(): Passing null to parameter #1 ($haystack) of type string is deprecated in C:\Users\ADMIN\Local Sites\ska-core-builder\app\public\wp-content\plugins\ska-no-code-design\blocks\init.php on line 149
[26-Apr-2026 23:57:27 UTC] PHP Deprecated:  strpos(): Passing null to parameter #1 ($haystack) of type string is deprecated in C:\Users\ADMIN\Local Sites\ska-core-builder\app\public\wp-content\plugins\ska-logic-engine\includes\pipeline\class-dynamic-content.php on line 47
[26-Apr-2026 23:59:35 UTC] PHP Deprecated:  strpos(): Passing null to parameter #1 ($haystack) of type string is deprecated in C:\Users\ADMIN\Local Sites\ska-core-builder\app\public\wp-content\plugins\ska-no-code-design\inc\design-engine\class-style-manager.php on line 100
[26-Apr-2026 23:59:35 UTC] PHP Deprecated:  strpos(): Passing null to parameter #1 ($haystack) of type string is deprecated in C:\Users\ADMIN\Local Sites\ska-core-builder\app\public\wp-content\plugins\ska-no-code-design\inc\design-engine\class-style-manager.php on line 104
[26-Apr-2026 23:59:35 UTC] PHP Deprecated:  strpos(): Passing null to parameter #1 ($haystack) of type string is deprecated in C:\Users\ADMIN\Local Sites\ska-core-builder\app\public\wp-content\plugins\ska-no-code-design\inc\design-engine\class-style-manager.php on line 100
[26-Apr-2026 23:59:35 UTC] PHP Deprecated:  strpos(): Passing null to parameter #1 ($haystack) of type string is deprecated in C:\Users\ADMIN\Local Sites\ska-core-builder\app\public\wp-content\plugins\ska-no-code-design\inc\design-engine\class-style-manager.php on line 104
[26-Apr-2026 23:59:35 UTC] PHP Deprecated:  strpos(): Passing null to parameter #1 ($haystack) of type string is deprecated in C:\Users\ADMIN\Local Sites\ska-core-builder\app\public\wp-content\plugins\ska-no-code-design\inc\design-engine\class-style-manager.php on line 100
[26-Apr-2026 23:59:35 UTC] PHP Deprecated:  strpos(): Passing null to parameter #1 ($haystack) of type string is deprecated in C:\Users\ADMIN\Local Sites\ska-core-builder\app\public\wp-content\plugins\ska-no-code-design\inc\design-engine\class-style-manager.php on line 104
[26-Apr-2026 23:59:35 UTC] PHP Deprecated:  strpos(): Passing null to parameter #1 ($haystack) of type string is deprecated in C:\Users\ADMIN\Local Sites\ska-core-builder\app\public\wp-content\plugins\ska-no-code-design\blocks\init.php on line 149
[26-Apr-2026 23:59:35 UTC] PHP Deprecated:  strpos(): Passing null to parameter #1 ($haystack) of type string is deprecated in C:\Users\ADMIN\Local Sites\ska-core-builder\app\public\wp-content\plugins\ska-logic-engine\includes\pipeline\class-dynamic-content.php on line 47
[26-Apr-2026 23:59:35 UTC] PHP Deprecated:  strpos(): Passing null to parameter #1 ($haystack) of type string is deprecated in C:\Users\ADMIN\Local Sites\ska-core-builder\app\public\wp-content\plugins\ska-no-code-design\blocks\init.php on line 149
[26-Apr-2026 23:59:35 UTC] PHP Deprecated:  strpos(): Passing null to parameter #1 ($haystack) of type string is deprecated in C:\Users\ADMIN\Local Sites\ska-core-builder\app\public\wp-content\plugins\ska-logic-engine\includes\pipeline\class-dynamic-content.php on line 47
[26-Apr-2026 23:59:35 UTC] PHP Deprecated:  strpos(): Passing null to parameter #1 ($haystack) of type string is deprecated in C:\Users\ADMIN\Local Sites\ska-core-builder\app\public\wp-content\plugins\ska-no-code-design\blocks\init.php on line 149
[26-Apr-2026 23:59:35 UTC] PHP Deprecated:  strpos(): Passing null to parameter #1 ($haystack) of type string is deprecated in C:\Users\ADMIN\Local Sites\ska-core-builder\app\public\wp-content\plugins\ska-logic-engine\includes\pipeline\class-dynamic-content.php on line 47
[26-Apr-2026 23:59:37 UTC] Ska_Workflow_Runner: Graph rỗng hoặc không tìm thấy workflow_id = lay-api
[27-Apr-2026 00:03:18 UTC] PHP Deprecated:  strpos(): Passing null to parameter #1 ($haystack) of type string is deprecated in C:\Users\ADMIN\Local Sites\ska-core-builder\app\public\wp-content\plugins\ska-no-code-design\inc\design-engine\class-style-manager.php on line 100
[27-Apr-2026 00:03:18 UTC] PHP Deprecated:  strpos(): Passing null to parameter #1 ($haystack) of type string is deprecated in C:\Users\ADMIN\Local Sites\ska-core-builder\app\public\wp-content\plugins\ska-no-code-design\inc\design-engine\class-style-manager.php on line 104
[27-Apr-2026 00:03:18 UTC] PHP Deprecated:  strpos(): Passing null to parameter #1 ($haystack) of type string is deprecated in C:\Users\ADMIN\Local Sites\ska-core-builder\app\public\wp-content\plugins\ska-no-code-design\inc\design-engine\class-style-manager.php on line 100
[27-Apr-2026 00:03:18 UTC] PHP Deprecated:  strpos(): Passing null to parameter #1 ($haystack) of type string is deprecated in C:\Users\ADMIN\Local Sites\ska-core-builder\app\public\wp-content\plugins\ska-no-code-design\inc\design-engine\class-style-manager.php on line 104
[27-Apr-2026 00:03:18 UTC] PHP Deprecated:  strpos(): Passing null to parameter #1 ($haystack) of type string is deprecated in C:\Users\ADMIN\Local Sites\ska-core-builder\app\public\wp-content\plugins\ska-no-code-design\inc\design-engine\class-style-manager.php on line 100
[27-Apr-2026 00:03:18 UTC] PHP Deprecated:  strpos(): Passing null to parameter #1 ($haystack) of type string is deprecated in C:\Users\ADMIN\Local Sites\ska-core-builder\app\public\wp-content\plugins\ska-no-code-design\inc\design-engine\class-style-manager.php on line 104
[27-Apr-2026 00:03:18 UTC] PHP Deprecated:  strpos(): Passing null to parameter #1 ($haystack) of type string is deprecated in C:\Users\ADMIN\Local Sites\ska-core-builder\app\public\wp-content\plugins\ska-no-code-design\blocks\init.php on line 149
[27-Apr-2026 00:03:18 UTC] PHP Deprecated:  strpos(): Passing null to parameter #1 ($haystack) of type string is deprecated in C:\Users\ADMIN\Local Sites\ska-core-builder\app\public\wp-content\plugins\ska-logic-engine\includes\pipeline\class-dynamic-content.php on line 47
[27-Apr-2026 00:03:18 UTC] PHP Deprecated:  strpos(): Passing null to parameter #1 ($haystack) of type string is deprecated in C:\Users\ADMIN\Local Sites\ska-core-builder\app\public\wp-content\plugins\ska-no-code-design\blocks\init.php on line 149
[27-Apr-2026 00:03:18 UTC] PHP Deprecated:  strpos(): Passing null to parameter #1 ($haystack) of type string is deprecated in C:\Users\ADMIN\Local Sites\ska-core-builder\app\public\wp-content\plugins\ska-logic-engine\includes\pipeline\class-dynamic-content.php on line 47
[27-Apr-2026 00:03:18 UTC] PHP Deprecated:  strpos(): Passing null to parameter #1 ($haystack) of type string is deprecated in C:\Users\ADMIN\Local Sites\ska-core-builder\app\public\wp-content\plugins\ska-no-code-design\blocks\init.php on line 149
[27-Apr-2026 00:03:18 UTC] PHP Deprecated:  strpos(): Passing null to parameter #1 ($haystack) of type string is deprecated in C:\Users\ADMIN\Local Sites\ska-core-builder\app\public\wp-content\plugins\ska-logic-engine\includes\pipeline\class-dynamic-content.php on line 47
[27-Apr-2026 00:03:47 UTC] PHP Deprecated:  strpos(): Passing null to parameter #1 ($haystack) of type string is deprecated in C:\Users\ADMIN\Local Sites\ska-core-builder\app\public\wp-content\plugins\ska-no-code-design\inc\design-engine\class-style-manager.php on line 100
[27-Apr-2026 00:03:47 UTC] PHP Deprecated:  strpos(): Passing null to parameter #1 ($haystack) of type string is deprecated in C:\Users\ADMIN\Local Sites\ska-core-builder\app\public\wp-content\plugins\ska-no-code-design\inc\design-engine\class-style-manager.php on line 104
[27-Apr-2026 00:03:47 UTC] PHP Deprecated:  strpos(): Passing null to parameter #1 ($haystack) of type string is deprecated in C:\Users\ADMIN\Local Sites\ska-core-builder\app\public\wp-content\plugins\ska-no-code-design\inc\design-engine\class-style-manager.php on line 100
[27-Apr-2026 00:03:47 UTC] PHP Deprecated:  strpos(): Passing null to parameter #1 ($haystack) of type string is deprecated in C:\Users\ADMIN\Local Sites\ska-core-builder\app\public\wp-content\plugins\ska-no-code-design\inc\design-engine\class-style-manager.php on line 104
[27-Apr-2026 00:03:47 UTC] PHP Deprecated:  strpos(): Passing null to parameter #1 ($haystack) of type string is deprecated in C:\Users\ADMIN\Local Sites\ska-core-builder\app\public\wp-content\plugins\ska-no-code-design\inc\design-engine\class-style-manager.php on line 100
[27-Apr-2026 00:03:47 UTC] PHP Deprecated:  strpos(): Passing null to parameter #1 ($haystack) of type string is deprecated in C:\Users\ADMIN\Local Sites\ska-core-builder\app\public\wp-content\plugins\ska-no-code-design\inc\design-engine\class-style-manager.php on line 104
[27-Apr-2026 00:03:47 UTC] PHP Deprecated:  strpos(): Passing null to parameter #1 ($haystack) of type string is deprecated in C:\Users\ADMIN\Local Sites\ska-core-builder\app\public\wp-content\plugins\ska-no-code-design\blocks\init.php on line 149
[27-Apr-2026 00:03:47 UTC] PHP Deprecated:  strpos(): Passing null to parameter #1 ($haystack) of type string is deprecated in C:\Users\ADMIN\Local Sites\ska-core-builder\app\public\wp-content\plugins\ska-logic-engine\includes\pipeline\class-dynamic-content.php on line 47
[27-Apr-2026 00:03:47 UTC] PHP Deprecated:  strpos(): Passing null to parameter #1 ($haystack) of type string is deprecated in C:\Users\ADMIN\Local Sites\ska-core-builder\app\public\wp-content\plugins\ska-no-code-design\blocks\init.php on line 149
[27-Apr-2026 00:03:47 UTC] PHP Deprecated:  strpos(): Passing null to parameter #1 ($haystack) of type string is deprecated in C:\Users\ADMIN\Local Sites\ska-core-builder\app\public\wp-content\plugins\ska-logic-engine\includes\pipeline\class-dynamic-content.php on line 47
[27-Apr-2026 00:03:47 UTC] PHP Deprecated:  strpos(): Passing null to parameter #1 ($haystack) of type string is deprecated in C:\Users\ADMIN\Local Sites\ska-core-builder\app\public\wp-content\plugins\ska-no-code-design\blocks\init.php on line 149
[27-Apr-2026 00:03:47 UTC] PHP Deprecated:  strpos(): Passing null to parameter #1 ($haystack) of type string is deprecated in C:\Users\ADMIN\Local Sites\ska-core-builder\app\public\wp-content\plugins\ska-logic-engine\includes\pipeline\class-dynamic-content.php on line 47
[27-Apr-2026 00:04:34 UTC] PHP Deprecated:  strpos(): Passing null to parameter #1 ($haystack) of type string is deprecated in C:\Users\ADMIN\Local Sites\ska-core-builder\app\public\wp-includes\functions.php on line 7374
[27-Apr-2026 00:04:34 UTC] PHP Deprecated:  str_replace(): Passing null to parameter #3 ($subject) of type array|string is deprecated in C:\Users\ADMIN\Local Sites\ska-core-builder\app\public\wp-includes\functions.php on line 2196
[27-Apr-2026 00:04:35 UTC] PHP Deprecated:  strpos(): Passing null to parameter #1 ($haystack) of type string is deprecated in C:\Users\ADMIN\Local Sites\ska-core-builder\app\public\wp-content\plugins\ska-no-code-design\blocks\init.php on line 149
[27-Apr-2026 00:04:35 UTC] PHP Deprecated:  strpos(): Passing null to parameter #1 ($haystack) of type string is deprecated in C:\Users\ADMIN\Local Sites\ska-core-builder\app\public\wp-content\plugins\ska-no-code-design\blocks\init.php on line 149
[27-Apr-2026 00:04:35 UTC] PHP Deprecated:  strpos(): Passing null to parameter #1 ($haystack) of type string is deprecated in C:\Users\ADMIN\Local Sites\ska-core-builder\app\public\wp-content\plugins\ska-no-code-design\blocks\init.php on line 149
[27-Apr-2026 00:04:35 UTC] PHP Deprecated:  strpos(): Passing null to parameter #1 ($haystack) of type string is deprecated in C:\Users\ADMIN\Local Sites\ska-core-builder\app\public\wp-content\plugins\ska-no-code-design\blocks\init.php on line 149
[27-Apr-2026 00:04:35 UTC] PHP Deprecated:  strpos(): Passing null to parameter #1 ($haystack) of type string is deprecated in C:\Users\ADMIN\Local Sites\ska-core-builder\app\public\wp-content\plugins\ska-no-code-design\blocks\init.php on line 149
[27-Apr-2026 00:04:35 UTC] PHP Deprecated:  strpos(): Passing null to parameter #1 ($haystack) of type string is deprecated in C:\Users\ADMIN\Local Sites\ska-core-builder\app\public\wp-content\plugins\ska-no-code-design\blocks\init.php on line 149
[27-Apr-2026 00:04:35 UTC] PHP Deprecated:  strpos(): Passing null to parameter #1 ($haystack) of type string is deprecated in C:\Users\ADMIN\Local Sites\ska-core-builder\app\public\wp-content\plugins\ska-no-code-design\blocks\init.php on line 149
[27-Apr-2026 00:04:35 UTC] PHP Deprecated:  strpos(): Passing null to parameter #1 ($haystack) of type string is deprecated in C:\Users\ADMIN\Local Sites\ska-core-builder\app\public\wp-content\plugins\ska-no-code-design\blocks\init.php on line 149
[27-Apr-2026 00:04:35 UTC] PHP Deprecated:  strpos(): Passing null to parameter #1 ($haystack) of type string is deprecated in C:\Users\ADMIN\Local Sites\ska-core-builder\app\public\wp-content\plugins\ska-no-code-design\blocks\init.php on line 149
[27-Apr-2026 00:04:45 UTC] PHP Deprecated:  strpos(): Passing null to parameter #1 ($haystack) of type string is deprecated in C:\Users\ADMIN\Local Sites\ska-core-builder\app\public\wp-includes\functions.php on line 7374
[27-Apr-2026 00:04:45 UTC] PHP Deprecated:  str_replace(): Passing null to parameter #3 ($subject) of type array|string is deprecated in C:\Users\ADMIN\Local Sites\ska-core-builder\app\public\wp-includes\functions.php on line 2196
[27-Apr-2026 00:04:45 UTC] PHP Deprecated:  strpos(): Passing null to parameter #1 ($haystack) of type string is deprecated in C:\Users\ADMIN\Local Sites\ska-core-builder\app\public\wp-content\plugins\ska-no-code-design\blocks\init.php on line 149
[27-Apr-2026 00:04:45 UTC] PHP Deprecated:  strpos(): Passing null to parameter #1 ($haystack) of type string is deprecated in C:\Users\ADMIN\Local Sites\ska-core-builder\app\public\wp-content\plugins\ska-no-code-design\blocks\init.php on line 149
[27-Apr-2026 00:04:45 UTC] PHP Deprecated:  strpos(): Passing null to parameter #1 ($haystack) of type string is deprecated in C:\Users\ADMIN\Local Sites\ska-core-builder\app\public\wp-content\plugins\ska-no-code-design\blocks\init.php on line 149
[27-Apr-2026 00:04:45 UTC] PHP Deprecated:  strpos(): Passing null to parameter #1 ($haystack) of type string is deprecated in C:\Users\ADMIN\Local Sites\ska-core-builder\app\public\wp-content\plugins\ska-no-code-design\blocks\init.php on line 149
[27-Apr-2026 00:04:45 UTC] PHP Deprecated:  strpos(): Passing null to parameter #1 ($haystack) of type string is deprecated in C:\Users\ADMIN\Local Sites\ska-core-builder\app\public\wp-content\plugins\ska-no-code-design\blocks\init.php on line 149
[27-Apr-2026 00:04:45 UTC] PHP Deprecated:  strpos(): Passing null to parameter #1 ($haystack) of type string is deprecated in C:\Users\ADMIN\Local Sites\ska-core-builder\app\public\wp-content\plugins\ska-no-code-design\blocks\init.php on line 149
[27-Apr-2026 00:04:45 UTC] PHP Deprecated:  strpos(): Passing null to parameter #1 ($haystack) of type string is deprecated in C:\Users\ADMIN\Local Sites\ska-core-builder\app\public\wp-content\plugins\ska-no-code-design\blocks\init.php on line 149
[27-Apr-2026 00:04:45 UTC] PHP Deprecated:  strpos(): Passing null to parameter #1 ($haystack) of type string is deprecated in C:\Users\ADMIN\Local Sites\ska-core-builder\app\public\wp-content\plugins\ska-no-code-design\blocks\init.php on line 149
[27-Apr-2026 00:04:45 UTC] PHP Deprecated:  strpos(): Passing null to parameter #1 ($haystack) of type string is deprecated in C:\Users\ADMIN\Local Sites\ska-core-builder\app\public\wp-content\plugins\ska-no-code-design\blocks\init.php on line 149
[27-Apr-2026 00:07:20 UTC] PHP Deprecated:  strpos(): Passing null to parameter #1 ($haystack) of type string is deprecated in C:\Users\ADMIN\Local Sites\ska-core-builder\app\public\wp-content\plugins\ska-no-code-design\inc\design-engine\class-style-manager.php on line 100
[27-Apr-2026 00:07:20 UTC] PHP Deprecated:  strpos(): Passing null to parameter #1 ($haystack) of type string is deprecated in C:\Users\ADMIN\Local Sites\ska-core-builder\app\public\wp-content\plugins\ska-no-code-design\inc\design-engine\class-style-manager.php on line 104
[27-Apr-2026 00:07:20 UTC] PHP Deprecated:  strpos(): Passing null to parameter #1 ($haystack) of type string is deprecated in C:\Users\ADMIN\Local Sites\ska-core-builder\app\public\wp-content\plugins\ska-no-code-design\inc\design-engine\class-style-manager.php on line 100
[27-Apr-2026 00:07:20 UTC] PHP Deprecated:  strpos(): Passing null to parameter #1 ($haystack) of type string is deprecated in C:\Users\ADMIN\Local Sites\ska-core-builder\app\public\wp-content\plugins\ska-no-code-design\inc\design-engine\class-style-manager.php on line 104
[27-Apr-2026 00:07:20 UTC] PHP Deprecated:  strpos(): Passing null to parameter #1 ($haystack) of type string is deprecated in C:\Users\ADMIN\Local Sites\ska-core-builder\app\public\wp-content\plugins\ska-no-code-design\inc\design-engine\class-style-manager.php on line 100
[27-Apr-2026 00:07:20 UTC] PHP Deprecated:  strpos(): Passing null to parameter #1 ($haystack) of type string is deprecated in C:\Users\ADMIN\Local Sites\ska-core-builder\app\public\wp-content\plugins\ska-no-code-design\inc\design-engine\class-style-manager.php on line 104
[27-Apr-2026 00:07:20 UTC] PHP Deprecated:  strpos(): Passing null to parameter #1 ($haystack) of type string is deprecated in C:\Users\ADMIN\Local Sites\ska-core-builder\app\public\wp-content\plugins\ska-no-code-design\blocks\init.php on line 149
[27-Apr-2026 00:07:20 UTC] PHP Deprecated:  strpos(): Passing null to parameter #1 ($haystack) of type string is deprecated in C:\Users\ADMIN\Local Sites\ska-core-builder\app\public\wp-content\plugins\ska-logic-engine\includes\pipeline\class-dynamic-content.php on line 47
[27-Apr-2026 00:07:20 UTC] PHP Deprecated:  strpos(): Passing null to parameter #1 ($haystack) of type string is deprecated in C:\Users\ADMIN\Local Sites\ska-core-builder\app\public\wp-content\plugins\ska-no-code-design\blocks\init.php on line 149
[27-Apr-2026 00:07:20 UTC] PHP Deprecated:  strpos(): Passing null to parameter #1 ($haystack) of type string is deprecated in C:\Users\ADMIN\Local Sites\ska-core-builder\app\public\wp-content\plugins\ska-logic-engine\includes\pipeline\class-dynamic-content.php on line 47
[27-Apr-2026 00:07:20 UTC] PHP Deprecated:  strpos(): Passing null to parameter #1 ($haystack) of type string is deprecated in C:\Users\ADMIN\Local Sites\ska-core-builder\app\public\wp-content\plugins\ska-no-code-design\blocks\init.php on line 149
[27-Apr-2026 00:07:20 UTC] PHP Deprecated:  strpos(): Passing null to parameter #1 ($haystack) of type string is deprecated in C:\Users\ADMIN\Local Sites\ska-core-builder\app\public\wp-content\plugins\ska-logic-engine\includes\pipeline\class-dynamic-content.php on line 47
[27-Apr-2026 00:07:27 UTC] PHP Deprecated:  strpos(): Passing null to parameter #1 ($haystack) of type string is deprecated in C:\Users\ADMIN\Local Sites\ska-core-builder\app\public\wp-content\plugins\ska-no-code-design\inc\design-engine\class-style-manager.php on line 100
[27-Apr-2026 00:07:27 UTC] PHP Deprecated:  strpos(): Passing null to parameter #1 ($haystack) of type string is deprecated in C:\Users\ADMIN\Local Sites\ska-core-builder\app\public\wp-content\plugins\ska-no-code-design\inc\design-engine\class-style-manager.php on line 104
[27-Apr-2026 00:07:27 UTC] PHP Deprecated:  strpos(): Passing null to parameter #1 ($haystack) of type string is deprecated in C:\Users\ADMIN\Local Sites\ska-core-builder\app\public\wp-content\plugins\ska-no-code-design\inc\design-engine\class-style-manager.php on line 100
[27-Apr-2026 00:07:27 UTC] PHP Deprecated:  strpos(): Passing null to parameter #1 ($haystack) of type string is deprecated in C:\Users\ADMIN\Local Sites\ska-core-builder\app\public\wp-content\plugins\ska-no-code-design\inc\design-engine\class-style-manager.php on line 104
[27-Apr-2026 00:07:27 UTC] PHP Deprecated:  strpos(): Passing null to parameter #1 ($haystack) of type string is deprecated in C:\Users\ADMIN\Local Sites\ska-core-builder\app\public\wp-content\plugins\ska-no-code-design\inc\design-engine\class-style-manager.php on line 100
[27-Apr-2026 00:07:27 UTC] PHP Deprecated:  strpos(): Passing null to parameter #1 ($haystack) of type string is deprecated in C:\Users\ADMIN\Local Sites\ska-core-builder\app\public\wp-content\plugins\ska-no-code-design\inc\design-engine\class-style-manager.php on line 104
[27-Apr-2026 00:07:27 UTC] PHP Deprecated:  strpos(): Passing null to parameter #1 ($haystack) of type string is deprecated in C:\Users\ADMIN\Local Sites\ska-core-builder\app\public\wp-content\plugins\ska-no-code-design\blocks\init.php on line 149
[27-Apr-2026 00:07:27 UTC] PHP Deprecated:  strpos(): Passing null to parameter #1 ($haystack) of type string is deprecated in C:\Users\ADMIN\Local Sites\ska-core-builder\app\public\wp-content\plugins\ska-logic-engine\includes\pipeline\class-dynamic-content.php on line 47
[27-Apr-2026 00:07:27 UTC] PHP Deprecated:  strpos(): Passing null to parameter #1 ($haystack) of type string is deprecated in C:\Users\ADMIN\Local Sites\ska-core-builder\app\public\wp-content\plugins\ska-no-code-design\blocks\init.php on line 149
[27-Apr-2026 00:07:27 UTC] PHP Deprecated:  strpos(): Passing null to parameter #1 ($haystack) of type string is deprecated in C:\Users\ADMIN\Local Sites\ska-core-builder\app\public\wp-content\plugins\ska-logic-engine\includes\pipeline\class-dynamic-content.php on line 47
[27-Apr-2026 00:07:27 UTC] PHP Deprecated:  strpos(): Passing null to parameter #1 ($haystack) of type string is deprecated in C:\Users\ADMIN\Local Sites\ska-core-builder\app\public\wp-content\plugins\ska-no-code-design\blocks\init.php on line 149
[27-Apr-2026 00:07:27 UTC] PHP Deprecated:  strpos(): Passing null to parameter #1 ($haystack) of type string is deprecated in C:\Users\ADMIN\Local Sites\ska-core-builder\app\public\wp-content\plugins\ska-logic-engine\includes\pipeline\class-dynamic-content.php on line 47
[27-Apr-2026 00:11:24 UTC] Ska_Workflow_Runner: Graph rỗng hoặc không tìm thấy workflow_id = lay-api
[27-Apr-2026 00:12:25 UTC] PHP Deprecated:  strpos(): Passing null to parameter #1 ($haystack) of type string is deprecated in C:\Users\ADMIN\Local Sites\ska-core-builder\app\public\wp-content\plugins\ska-no-code-design\blocks\init.php on line 149
[27-Apr-2026 00:12:25 UTC] PHP Deprecated:  strpos(): Passing null to parameter #1 ($haystack) of type string is deprecated in C:\Users\ADMIN\Local Sites\ska-core-builder\app\public\wp-content\plugins\ska-logic-engine\includes\pipeline\class-dynamic-content.php on line 47
[27-Apr-2026 00:12:25 UTC] PHP Deprecated:  strpos(): Passing null to parameter #1 ($haystack) of type string is deprecated in C:\Users\ADMIN\Local Sites\ska-core-builder\app\public\wp-content\plugins\ska-no-code-design\blocks\init.php on line 149
[27-Apr-2026 00:12:25 UTC] PHP Deprecated:  strpos(): Passing null to parameter #1 ($haystack) of type string is deprecated in C:\Users\ADMIN\Local Sites\ska-core-builder\app\public\wp-content\plugins\ska-logic-engine\includes\pipeline\class-dynamic-content.php on line 47
[27-Apr-2026 00:12:25 UTC] PHP Deprecated:  strpos(): Passing null to parameter #1 ($haystack) of type string is deprecated in C:\Users\ADMIN\Local Sites\ska-core-builder\app\public\wp-content\plugins\ska-no-code-design\blocks\init.php on line 149
[27-Apr-2026 00:12:25 UTC] PHP Deprecated:  strpos(): Passing null to parameter #1 ($haystack) of type string is deprecated in C:\Users\ADMIN\Local Sites\ska-core-builder\app\public\wp-content\plugins\ska-logic-engine\includes\pipeline\class-dynamic-content.php on line 47
[27-Apr-2026 00:24:36 UTC] PHP Deprecated:  strpos(): Passing null to parameter #1 ($haystack) of type string is deprecated in C:\Users\ADMIN\Local Sites\ska-core-builder\app\public\wp-includes\functions.php on line 7374
[27-Apr-2026 00:24:36 UTC] PHP Deprecated:  str_replace(): Passing null to parameter #3 ($subject) of type array|string is deprecated in C:\Users\ADMIN\Local Sites\ska-core-builder\app\public\wp-includes\functions.php on line 2196
[27-Apr-2026 00:24:36 UTC] PHP Deprecated:  strpos(): Passing null to parameter #1 ($haystack) of type string is deprecated in C:\Users\ADMIN\Local Sites\ska-core-builder\app\public\wp-content\plugins\ska-no-code-design\blocks\init.php on line 149
[27-Apr-2026 00:24:36 UTC] PHP Deprecated:  strpos(): Passing null to parameter #1 ($haystack) of type string is deprecated in C:\Users\ADMIN\Local Sites\ska-core-builder\app\public\wp-content\plugins\ska-no-code-design\blocks\init.php on line 149
[27-Apr-2026 00:24:36 UTC] PHP Deprecated:  strpos(): Passing null to parameter #1 ($haystack) of type string is deprecated in C:\Users\ADMIN\Local Sites\ska-core-builder\app\public\wp-content\plugins\ska-no-code-design\blocks\init.php on line 149
[27-Apr-2026 00:24:36 UTC] PHP Deprecated:  strpos(): Passing null to parameter #1 ($haystack) of type string is deprecated in C:\Users\ADMIN\Local Sites\ska-core-builder\app\public\wp-content\plugins\ska-no-code-design\blocks\init.php on line 149
[27-Apr-2026 00:24:36 UTC] PHP Deprecated:  strpos(): Passing null to parameter #1 ($haystack) of type string is deprecated in C:\Users\ADMIN\Local Sites\ska-core-builder\app\public\wp-content\plugins\ska-no-code-design\blocks\init.php on line 149
[27-Apr-2026 00:24:36 UTC] PHP Deprecated:  strpos(): Passing null to parameter #1 ($haystack) of type string is deprecated in C:\Users\ADMIN\Local Sites\ska-core-builder\app\public\wp-content\plugins\ska-no-code-design\blocks\init.php on line 149
[27-Apr-2026 00:24:36 UTC] PHP Deprecated:  strpos(): Passing null to parameter #1 ($haystack) of type string is deprecated in C:\Users\ADMIN\Local Sites\ska-core-builder\app\public\wp-content\plugins\ska-no-code-design\blocks\init.php on line 149
[27-Apr-2026 00:24:36 UTC] PHP Deprecated:  strpos(): Passing null to parameter #1 ($haystack) of type string is deprecated in C:\Users\ADMIN\Local Sites\ska-core-builder\app\public\wp-content\plugins\ska-no-code-design\blocks\init.php on line 149
[27-Apr-2026 00:24:36 UTC] PHP Deprecated:  strpos(): Passing null to parameter #1 ($haystack) of type string is deprecated in C:\Users\ADMIN\Local Sites\ska-core-builder\app\public\wp-content\plugins\ska-no-code-design\blocks\init.php on line 149
[27-Apr-2026 00:24:36 UTC] PHP Deprecated:  strpos(): Passing null to parameter #1 ($haystack) of type string is deprecated in C:\Users\ADMIN\Local Sites\ska-core-builder\app\public\wp-content\plugins\ska-no-code-design\blocks\init.php on line 149
[27-Apr-2026 00:24:36 UTC] PHP Deprecated:  strpos(): Passing null to parameter #1 ($haystack) of type string is deprecated in C:\Users\ADMIN\Local Sites\ska-core-builder\app\public\wp-content\plugins\ska-no-code-design\blocks\init.php on line 149
[27-Apr-2026 00:24:36 UTC] PHP Deprecated:  strpos(): Passing null to parameter #1 ($haystack) of type string is deprecated in C:\Users\ADMIN\Local Sites\ska-core-builder\app\public\wp-content\plugins\ska-no-code-design\blocks\init.php on line 149
[27-Apr-2026 00:25:42 UTC] PHP Deprecated:  strpos(): Passing null to parameter #1 ($haystack) of type string is deprecated in C:\Users\ADMIN\Local Sites\ska-core-builder\app\public\wp-content\plugins\ska-no-code-design\blocks\init.php on line 149
[27-Apr-2026 00:25:42 UTC] PHP Deprecated:  strpos(): Passing null to parameter #1 ($haystack) of type string is deprecated in C:\Users\ADMIN\Local Sites\ska-core-builder\app\public\wp-content\plugins\ska-logic-engine\includes\pipeline\class-dynamic-content.php on line 47
[27-Apr-2026 00:25:42 UTC] PHP Deprecated:  strpos(): Passing null to parameter #1 ($haystack) of type string is deprecated in C:\Users\ADMIN\Local Sites\ska-core-builder\app\public\wp-content\plugins\ska-no-code-design\blocks\init.php on line 149
[27-Apr-2026 00:25:42 UTC] PHP Deprecated:  strpos(): Passing null to parameter #1 ($haystack) of type string is deprecated in C:\Users\ADMIN\Local Sites\ska-core-builder\app\public\wp-content\plugins\ska-logic-engine\includes\pipeline\class-dynamic-content.php on line 47
[27-Apr-2026 00:25:42 UTC] PHP Deprecated:  strpos(): Passing null to parameter #1 ($haystack) of type string is deprecated in C:\Users\ADMIN\Local Sites\ska-core-builder\app\public\wp-content\plugins\ska-no-code-design\blocks\init.php on line 149
[27-Apr-2026 00:25:42 UTC] PHP Deprecated:  strpos(): Passing null to parameter #1 ($haystack) of type string is deprecated in C:\Users\ADMIN\Local Sites\ska-core-builder\app\public\wp-content\plugins\ska-logic-engine\includes\pipeline\class-dynamic-content.php on line 47
[27-Apr-2026 00:25:53 UTC] PHP Deprecated:  strpos(): Passing null to parameter #1 ($haystack) of type string is deprecated in C:\Users\ADMIN\Local Sites\ska-core-builder\app\public\wp-includes\functions.php on line 7374
[27-Apr-2026 00:25:53 UTC] PHP Deprecated:  str_replace(): Passing null to parameter #3 ($subject) of type array|string is deprecated in C:\Users\ADMIN\Local Sites\ska-core-builder\app\public\wp-includes\functions.php on line 2196
[27-Apr-2026 00:26:10 UTC] PHP Deprecated:  strpos(): Passing null to parameter #1 ($haystack) of type string is deprecated in C:\Users\ADMIN\Local Sites\ska-core-builder\app\public\wp-includes\functions.php on line 7374
[27-Apr-2026 00:26:10 UTC] PHP Deprecated:  str_replace(): Passing null to parameter #3 ($subject) of type array|string is deprecated in C:\Users\ADMIN\Local Sites\ska-core-builder\app\public\wp-includes\functions.php on line 2196
[27-Apr-2026 00:26:12 UTC] PHP Deprecated:  strpos(): Passing null to parameter #1 ($haystack) of type string is deprecated in C:\Users\ADMIN\Local Sites\ska-core-builder\app\public\wp-includes\functions.php on line 7374
[27-Apr-2026 00:26:12 UTC] PHP Deprecated:  str_replace(): Passing null to parameter #3 ($subject) of type array|string is deprecated in C:\Users\ADMIN\Local Sites\ska-core-builder\app\public\wp-includes\functions.php on line 2196
[27-Apr-2026 00:26:13 UTC] PHP Deprecated:  strpos(): Passing null to parameter #1 ($haystack) of type string is deprecated in C:\Users\ADMIN\Local Sites\ska-core-builder\app\public\wp-content\plugins\ska-no-code-design\blocks\init.php on line 149
[27-Apr-2026 00:26:13 UTC] PHP Deprecated:  strpos(): Passing null to parameter #1 ($haystack) of type string is deprecated in C:\Users\ADMIN\Local Sites\ska-core-builder\app\public\wp-content\plugins\ska-no-code-design\blocks\init.php on line 149
[27-Apr-2026 00:26:13 UTC] PHP Deprecated:  strpos(): Passing null to parameter #1 ($haystack) of type string is deprecated in C:\Users\ADMIN\Local Sites\ska-core-builder\app\public\wp-content\plugins\ska-no-code-design\blocks\init.php on line 149
[27-Apr-2026 00:26:13 UTC] PHP Deprecated:  strpos(): Passing null to parameter #1 ($haystack) of type string is deprecated in C:\Users\ADMIN\Local Sites\ska-core-builder\app\public\wp-content\plugins\ska-no-code-design\blocks\init.php on line 149
[27-Apr-2026 00:26:13 UTC] PHP Deprecated:  strpos(): Passing null to parameter #1 ($haystack) of type string is deprecated in C:\Users\ADMIN\Local Sites\ska-core-builder\app\public\wp-content\plugins\ska-no-code-design\blocks\init.php on line 149
[27-Apr-2026 00:26:13 UTC] PHP Deprecated:  strpos(): Passing null to parameter #1 ($haystack) of type string is deprecated in C:\Users\ADMIN\Local Sites\ska-core-builder\app\public\wp-content\plugins\ska-no-code-design\blocks\init.php on line 149
[27-Apr-2026 00:26:13 UTC] PHP Deprecated:  strpos(): Passing null to parameter #1 ($haystack) of type string is deprecated in C:\Users\ADMIN\Local Sites\ska-core-builder\app\public\wp-content\plugins\ska-no-code-design\blocks\init.php on line 149
[27-Apr-2026 00:26:13 UTC] PHP Deprecated:  strpos(): Passing null to parameter #1 ($haystack) of type string is deprecated in C:\Users\ADMIN\Local Sites\ska-core-builder\app\public\wp-content\plugins\ska-no-code-design\blocks\init.php on line 149
[27-Apr-2026 00:26:13 UTC] PHP Deprecated:  strpos(): Passing null to parameter #1 ($haystack) of type string is deprecated in C:\Users\ADMIN\Local Sites\ska-core-builder\app\public\wp-content\plugins\ska-no-code-design\blocks\init.php on line 149
[27-Apr-2026 00:26:13 UTC] PHP Deprecated:  strpos(): Passing null to parameter #1 ($haystack) of type string is deprecated in C:\Users\ADMIN\Local Sites\ska-core-builder\app\public\wp-content\plugins\ska-no-code-design\blocks\init.php on line 149
[27-Apr-2026 00:26:13 UTC] PHP Deprecated:  strpos(): Passing null to parameter #1 ($haystack) of type string is deprecated in C:\Users\ADMIN\Local Sites\ska-core-builder\app\public\wp-content\plugins\ska-no-code-design\blocks\init.php on line 149
[27-Apr-2026 00:26:13 UTC] PHP Deprecated:  strpos(): Passing null to parameter #1 ($haystack) of type string is deprecated in C:\Users\ADMIN\Local Sites\ska-core-builder\app\public\wp-content\plugins\ska-no-code-design\blocks\init.php on line 149
[27-Apr-2026 00:26:21 UTC] PHP Deprecated:  strpos(): Passing null to parameter #1 ($haystack) of type string is deprecated in C:\Users\ADMIN\Local Sites\ska-core-builder\app\public\wp-content\plugins\ska-no-code-design\blocks\init.php on line 149
[27-Apr-2026 00:26:21 UTC] PHP Deprecated:  strpos(): Passing null to parameter #1 ($haystack) of type string is deprecated in C:\Users\ADMIN\Local Sites\ska-core-builder\app\public\wp-content\plugins\ska-logic-engine\includes\pipeline\class-dynamic-content.php on line 47
[27-Apr-2026 00:26:21 UTC] PHP Deprecated:  strpos(): Passing null to parameter #1 ($haystack) of type string is deprecated in C:\Users\ADMIN\Local Sites\ska-core-builder\app\public\wp-content\plugins\ska-no-code-design\blocks\init.php on line 149
[27-Apr-2026 00:26:21 UTC] PHP Deprecated:  strpos(): Passing null to parameter #1 ($haystack) of type string is deprecated in C:\Users\ADMIN\Local Sites\ska-core-builder\app\public\wp-content\plugins\ska-logic-engine\includes\pipeline\class-dynamic-content.php on line 47
[27-Apr-2026 00:26:21 UTC] PHP Deprecated:  strpos(): Passing null to parameter #1 ($haystack) of type string is deprecated in C:\Users\ADMIN\Local Sites\ska-core-builder\app\public\wp-content\plugins\ska-no-code-design\blocks\init.php on line 149
[27-Apr-2026 00:26:21 UTC] PHP Deprecated:  strpos(): Passing null to parameter #1 ($haystack) of type string is deprecated in C:\Users\ADMIN\Local Sites\ska-core-builder\app\public\wp-content\plugins\ska-logic-engine\includes\pipeline\class-dynamic-content.php on line 47
[27-Apr-2026 00:26:21 UTC] PHP Deprecated:  strpos(): Passing null to parameter #1 ($haystack) of type string is deprecated in C:\Users\ADMIN\Local Sites\ska-core-builder\app\public\wp-content\plugins\ska-no-code-design\blocks\init.php on line 149
[27-Apr-2026 00:26:21 UTC] PHP Deprecated:  strpos(): Passing null to parameter #1 ($haystack) of type string is deprecated in C:\Users\ADMIN\Local Sites\ska-core-builder\app\public\wp-content\plugins\ska-logic-engine\includes\pipeline\class-dynamic-content.php on line 47
[27-Apr-2026 00:26:21 UTC] PHP Deprecated:  strpos(): Passing null to parameter #1 ($haystack) of type string is deprecated in C:\Users\ADMIN\Local Sites\ska-core-builder\app\public\wp-content\plugins\ska-no-code-design\blocks\init.php on line 149
[27-Apr-2026 00:26:21 UTC] PHP Deprecated:  strpos(): Passing null to parameter #1 ($haystack) of type string is deprecated in C:\Users\ADMIN\Local Sites\ska-core-builder\app\public\wp-content\plugins\ska-logic-engine\includes\pipeline\class-dynamic-content.php on line 47
[27-Apr-2026 00:26:21 UTC] PHP Deprecated:  strpos(): Passing null to parameter #1 ($haystack) of type string is deprecated in C:\Users\ADMIN\Local Sites\ska-core-builder\app\public\wp-content\plugins\ska-no-code-design\blocks\init.php on line 149
[27-Apr-2026 00:26:21 UTC] PHP Deprecated:  strpos(): Passing null to parameter #1 ($haystack) of type string is deprecated in C:\Users\ADMIN\Local Sites\ska-core-builder\app\public\wp-content\plugins\ska-logic-engine\includes\pipeline\class-dynamic-content.php on line 47
[27-Apr-2026 00:26:21 UTC] PHP Deprecated:  strpos(): Passing null to parameter #1 ($haystack) of type string is deprecated in C:\Users\ADMIN\Local Sites\ska-core-builder\app\public\wp-content\plugins\ska-no-code-design\blocks\init.php on line 149
[27-Apr-2026 00:26:21 UTC] PHP Deprecated:  strpos(): Passing null to parameter #1 ($haystack) of type string is deprecated in C:\Users\ADMIN\Local Sites\ska-core-builder\app\public\wp-content\plugins\ska-logic-engine\includes\pipeline\class-dynamic-content.php on line 47
[27-Apr-2026 00:26:21 UTC] PHP Deprecated:  strpos(): Passing null to parameter #1 ($haystack) of type string is deprecated in C:\Users\ADMIN\Local Sites\ska-core-builder\app\public\wp-content\plugins\ska-no-code-design\blocks\init.php on line 149
[27-Apr-2026 00:26:21 UTC] PHP Deprecated:  strpos(): Passing null to parameter #1 ($haystack) of type string is deprecated in C:\Users\ADMIN\Local Sites\ska-core-builder\app\public\wp-content\plugins\ska-logic-engine\includes\pipeline\class-dynamic-content.php on line 47
[27-Apr-2026 00:26:21 UTC] PHP Deprecated:  strpos(): Passing null to parameter #1 ($haystack) of type string is deprecated in C:\Users\ADMIN\Local Sites\ska-core-builder\app\public\wp-content\plugins\ska-no-code-design\blocks\init.php on line 149
[27-Apr-2026 00:26:21 UTC] PHP Deprecated:  strpos(): Passing null to parameter #1 ($haystack) of type string is deprecated in C:\Users\ADMIN\Local Sites\ska-core-builder\app\public\wp-content\plugins\ska-logic-engine\includes\pipeline\class-dynamic-content.php on line 47
[27-Apr-2026 00:26:41 UTC] PHP Deprecated:  strpos(): Passing null to parameter #1 ($haystack) of type string is deprecated in C:\Users\ADMIN\Local Sites\ska-core-builder\app\public\wp-content\plugins\ska-no-code-design\inc\design-engine\class-style-manager.php on line 100
[27-Apr-2026 00:26:41 UTC] PHP Deprecated:  strpos(): Passing null to parameter #1 ($haystack) of type string is deprecated in C:\Users\ADMIN\Local Sites\ska-core-builder\app\public\wp-content\plugins\ska-no-code-design\inc\design-engine\class-style-manager.php on line 104
[27-Apr-2026 00:26:41 UTC] PHP Deprecated:  strpos(): Passing null to parameter #1 ($haystack) of type string is deprecated in C:\Users\ADMIN\Local Sites\ska-core-builder\app\public\wp-content\plugins\ska-no-code-design\inc\design-engine\class-style-manager.php on line 100
[27-Apr-2026 00:26:41 UTC] PHP Deprecated:  strpos(): Passing null to parameter #1 ($haystack) of type string is deprecated in C:\Users\ADMIN\Local Sites\ska-core-builder\app\public\wp-content\plugins\ska-no-code-design\inc\design-engine\class-style-manager.php on line 104
[27-Apr-2026 00:26:41 UTC] PHP Deprecated:  strpos(): Passing null to parameter #1 ($haystack) of type string is deprecated in C:\Users\ADMIN\Local Sites\ska-core-builder\app\public\wp-content\plugins\ska-no-code-design\inc\design-engine\class-style-manager.php on line 100
[27-Apr-2026 00:26:41 UTC] PHP Deprecated:  strpos(): Passing null to parameter #1 ($haystack) of type string is deprecated in C:\Users\ADMIN\Local Sites\ska-core-builder\app\public\wp-content\plugins\ska-no-code-design\inc\design-engine\class-style-manager.php on line 104
[27-Apr-2026 00:26:41 UTC] PHP Deprecated:  strpos(): Passing null to parameter #1 ($haystack) of type string is deprecated in C:\Users\ADMIN\Local Sites\ska-core-builder\app\public\wp-content\plugins\ska-no-code-design\blocks\init.php on line 149
[27-Apr-2026 00:26:41 UTC] PHP Deprecated:  strpos(): Passing null to parameter #1 ($haystack) of type string is deprecated in C:\Users\ADMIN\Local Sites\ska-core-builder\app\public\wp-content\plugins\ska-logic-engine\includes\pipeline\class-dynamic-content.php on line 47
[27-Apr-2026 00:26:41 UTC] PHP Deprecated:  strpos(): Passing null to parameter #1 ($haystack) of type string is deprecated in C:\Users\ADMIN\Local Sites\ska-core-builder\app\public\wp-content\plugins\ska-no-code-design\blocks\init.php on line 149
[27-Apr-2026 00:26:41 UTC] PHP Deprecated:  strpos(): Passing null to parameter #1 ($haystack) of type string is deprecated in C:\Users\ADMIN\Local Sites\ska-core-builder\app\public\wp-content\plugins\ska-logic-engine\includes\pipeline\class-dynamic-content.php on line 47
[27-Apr-2026 00:26:41 UTC] PHP Deprecated:  strpos(): Passing null to parameter #1 ($haystack) of type string is deprecated in C:\Users\ADMIN\Local Sites\ska-core-builder\app\public\wp-content\plugins\ska-no-code-design\blocks\init.php on line 149
[27-Apr-2026 00:26:41 UTC] PHP Deprecated:  strpos(): Passing null to parameter #1 ($haystack) of type string is deprecated in C:\Users\ADMIN\Local Sites\ska-core-builder\app\public\wp-content\plugins\ska-logic-engine\includes\pipeline\class-dynamic-content.php on line 47
[27-Apr-2026 00:26:43 UTC] Ska_Workflow_Runner: Graph rỗng hoặc không tìm thấy workflow_id = lay-api
[27-Apr-2026 00:26:49 UTC] PHP Deprecated:  strpos(): Passing null to parameter #1 ($haystack) of type string is deprecated in C:\Users\ADMIN\Local Sites\ska-core-builder\app\public\wp-includes\functions.php on line 7374
[27-Apr-2026 00:26:49 UTC] PHP Deprecated:  str_replace(): Passing null to parameter #3 ($subject) of type array|string is deprecated in C:\Users\ADMIN\Local Sites\ska-core-builder\app\public\wp-includes\functions.php on line 2196
[27-Apr-2026 00:26:52 UTC] PHP Deprecated:  strpos(): Passing null to parameter #1 ($haystack) of type string is deprecated in C:\Users\ADMIN\Local Sites\ska-core-builder\app\public\wp-includes\functions.php on line 7374
[27-Apr-2026 00:26:52 UTC] PHP Deprecated:  str_replace(): Passing null to parameter #3 ($subject) of type array|string is deprecated in C:\Users\ADMIN\Local Sites\ska-core-builder\app\public\wp-includes\functions.php on line 2196
[27-Apr-2026 00:27:14 UTC] PHP Deprecated:  strpos(): Passing null to parameter #1 ($haystack) of type string is deprecated in C:\Users\ADMIN\Local Sites\ska-core-builder\app\public\wp-includes\functions.php on line 7374
[27-Apr-2026 00:27:14 UTC] PHP Deprecated:  str_replace(): Passing null to parameter #3 ($subject) of type array|string is deprecated in C:\Users\ADMIN\Local Sites\ska-core-builder\app\public\wp-includes\functions.php on line 2196
[27-Apr-2026 00:27:30 UTC] PHP Deprecated:  strpos(): Passing null to parameter #1 ($haystack) of type string is deprecated in C:\Users\ADMIN\Local Sites\ska-core-builder\app\public\wp-includes\functions.php on line 7374
[27-Apr-2026 00:27:30 UTC] PHP Deprecated:  str_replace(): Passing null to parameter #3 ($subject) of type array|string is deprecated in C:\Users\ADMIN\Local Sites\ska-core-builder\app\public\wp-includes\functions.php on line 2196
[27-Apr-2026 00:27:34 UTC] PHP Deprecated:  strpos(): Passing null to parameter #1 ($haystack) of type string is deprecated in C:\Users\ADMIN\Local Sites\ska-core-builder\app\public\wp-includes\functions.php on line 7374
[27-Apr-2026 00:27:34 UTC] PHP Deprecated:  str_replace(): Passing null to parameter #3 ($subject) of type array|string is deprecated in C:\Users\ADMIN\Local Sites\ska-core-builder\app\public\wp-includes\functions.php on line 2196
[27-Apr-2026 00:27:38 UTC] PHP Deprecated:  strpos(): Passing null to parameter #1 ($haystack) of type string is deprecated in C:\Users\ADMIN\Local Sites\ska-core-builder\app\public\wp-content\plugins\ska-no-code-design\inc\design-engine\class-style-manager.php on line 100
[27-Apr-2026 00:27:38 UTC] PHP Deprecated:  strpos(): Passing null to parameter #1 ($haystack) of type string is deprecated in C:\Users\ADMIN\Local Sites\ska-core-builder\app\public\wp-content\plugins\ska-no-code-design\inc\design-engine\class-style-manager.php on line 104
[27-Apr-2026 00:27:38 UTC] PHP Deprecated:  strpos(): Passing null to parameter #1 ($haystack) of type string is deprecated in C:\Users\ADMIN\Local Sites\ska-core-builder\app\public\wp-content\plugins\ska-no-code-design\inc\design-engine\class-style-manager.php on line 100
[27-Apr-2026 00:27:38 UTC] PHP Deprecated:  strpos(): Passing null to parameter #1 ($haystack) of type string is deprecated in C:\Users\ADMIN\Local Sites\ska-core-builder\app\public\wp-content\plugins\ska-no-code-design\inc\design-engine\class-style-manager.php on line 104
[27-Apr-2026 00:27:38 UTC] PHP Deprecated:  strpos(): Passing null to parameter #1 ($haystack) of type string is deprecated in C:\Users\ADMIN\Local Sites\ska-core-builder\app\public\wp-content\plugins\ska-no-code-design\inc\design-engine\class-style-manager.php on line 100
[27-Apr-2026 00:27:38 UTC] PHP Deprecated:  strpos(): Passing null to parameter #1 ($haystack) of type string is deprecated in C:\Users\ADMIN\Local Sites\ska-core-builder\app\public\wp-content\plugins\ska-no-code-design\inc\design-engine\class-style-manager.php on line 104
[27-Apr-2026 00:27:38 UTC] PHP Deprecated:  strpos(): Passing null to parameter #1 ($haystack) of type string is deprecated in C:\Users\ADMIN\Local Sites\ska-core-builder\app\public\wp-content\plugins\ska-no-code-design\blocks\init.php on line 149
[27-Apr-2026 00:27:38 UTC] PHP Deprecated:  strpos(): Passing null to parameter #1 ($haystack) of type string is deprecated in C:\Users\ADMIN\Local Sites\ska-core-builder\app\public\wp-content\plugins\ska-logic-engine\includes\pipeline\class-dynamic-content.php on line 47
[27-Apr-2026 00:27:38 UTC] PHP Deprecated:  strpos(): Passing null to parameter #1 ($haystack) of type string is deprecated in C:\Users\ADMIN\Local Sites\ska-core-builder\app\public\wp-content\plugins\ska-no-code-design\blocks\init.php on line 149
[27-Apr-2026 00:27:38 UTC] PHP Deprecated:  strpos(): Passing null to parameter #1 ($haystack) of type string is deprecated in C:\Users\ADMIN\Local Sites\ska-core-builder\app\public\wp-content\plugins\ska-logic-engine\includes\pipeline\class-dynamic-content.php on line 47
[27-Apr-2026 00:27:38 UTC] PHP Deprecated:  strpos(): Passing null to parameter #1 ($haystack) of type string is deprecated in C:\Users\ADMIN\Local Sites\ska-core-builder\app\public\wp-content\plugins\ska-no-code-design\blocks\init.php on line 149
[27-Apr-2026 00:27:38 UTC] PHP Deprecated:  strpos(): Passing null to parameter #1 ($haystack) of type string is deprecated in C:\Users\ADMIN\Local Sites\ska-core-builder\app\public\wp-content\plugins\ska-logic-engine\includes\pipeline\class-dynamic-content.php on line 47
[27-Apr-2026 00:27:40 UTC] Ska_Workflow_Runner: Graph rỗng hoặc không tìm thấy workflow_id = lay-api
[27-Apr-2026 00:27:43 UTC] PHP Deprecated:  strpos(): Passing null to parameter #1 ($haystack) of type string is deprecated in C:\Users\ADMIN\Local Sites\ska-core-builder\app\public\wp-includes\functions.php on line 7374
[27-Apr-2026 00:27:43 UTC] PHP Deprecated:  str_replace(): Passing null to parameter #3 ($subject) of type array|string is deprecated in C:\Users\ADMIN\Local Sites\ska-core-builder\app\public\wp-includes\functions.php on line 2196
[27-Apr-2026 00:28:25 UTC] Ska_Workflow_Runner: Graph rỗng hoặc không tìm thấy workflow_id = lay-api
[27-Apr-2026 00:28:25 UTC] Ska_Workflow_Runner: Graph rỗng hoặc không tìm thấy workflow_id = lay-api
[27-Apr-2026 00:28:25 UTC] Ska_Workflow_Runner: Graph rỗng hoặc không tìm thấy workflow_id = lay-api
[27-Apr-2026 00:28:35 UTC] PHP Deprecated:  strpos(): Passing null to parameter #1 ($haystack) of type string is deprecated in C:\Users\ADMIN\Local Sites\ska-core-builder\app\public\wp-content\plugins\ska-no-code-design\inc\design-engine\class-style-manager.php on line 100
[27-Apr-2026 00:28:35 UTC] PHP Deprecated:  strpos(): Passing null to parameter #1 ($haystack) of type string is deprecated in C:\Users\ADMIN\Local Sites\ska-core-builder\app\public\wp-content\plugins\ska-no-code-design\inc\design-engine\class-style-manager.php on line 104
[27-Apr-2026 00:28:35 UTC] PHP Deprecated:  strpos(): Passing null to parameter #1 ($haystack) of type string is deprecated in C:\Users\ADMIN\Local Sites\ska-core-builder\app\public\wp-content\plugins\ska-no-code-design\inc\design-engine\class-style-manager.php on line 100
[27-Apr-2026 00:28:35 UTC] PHP Deprecated:  strpos(): Passing null to parameter #1 ($haystack) of type string is deprecated in C:\Users\ADMIN\Local Sites\ska-core-builder\app\public\wp-content\plugins\ska-no-code-design\inc\design-engine\class-style-manager.php on line 104
[27-Apr-2026 00:28:35 UTC] PHP Deprecated:  strpos(): Passing null to parameter #1 ($haystack) of type string is deprecated in C:\Users\ADMIN\Local Sites\ska-core-builder\app\public\wp-content\plugins\ska-no-code-design\inc\design-engine\class-style-manager.php on line 100
[27-Apr-2026 00:28:35 UTC] PHP Deprecated:  strpos(): Passing null to parameter #1 ($haystack) of type string is deprecated in C:\Users\ADMIN\Local Sites\ska-core-builder\app\public\wp-content\plugins\ska-no-code-design\inc\design-engine\class-style-manager.php on line 104
[27-Apr-2026 00:28:35 UTC] PHP Deprecated:  strpos(): Passing null to parameter #1 ($haystack) of type string is deprecated in C:\Users\ADMIN\Local Sites\ska-core-builder\app\public\wp-content\plugins\ska-no-code-design\blocks\init.php on line 149
[27-Apr-2026 00:28:35 UTC] PHP Deprecated:  strpos(): Passing null to parameter #1 ($haystack) of type string is deprecated in C:\Users\ADMIN\Local Sites\ska-core-builder\app\public\wp-content\plugins\ska-logic-engine\includes\pipeline\class-dynamic-content.php on line 47
[27-Apr-2026 00:28:35 UTC] PHP Deprecated:  strpos(): Passing null to parameter #1 ($haystack) of type string is deprecated in C:\Users\ADMIN\Local Sites\ska-core-builder\app\public\wp-content\plugins\ska-no-code-design\blocks\init.php on line 149
[27-Apr-2026 00:28:35 UTC] PHP Deprecated:  strpos(): Passing null to parameter #1 ($haystack) of type string is deprecated in C:\Users\ADMIN\Local Sites\ska-core-builder\app\public\wp-content\plugins\ska-logic-engine\includes\pipeline\class-dynamic-content.php on line 47
[27-Apr-2026 00:28:35 UTC] PHP Deprecated:  strpos(): Passing null to parameter #1 ($haystack) of type string is deprecated in C:\Users\ADMIN\Local Sites\ska-core-builder\app\public\wp-content\plugins\ska-no-code-design\blocks\init.php on line 149
[27-Apr-2026 00:28:35 UTC] PHP Deprecated:  strpos(): Passing null to parameter #1 ($haystack) of type string is deprecated in C:\Users\ADMIN\Local Sites\ska-core-builder\app\public\wp-content\plugins\ska-logic-engine\includes\pipeline\class-dynamic-content.php on line 47
[27-Apr-2026 00:29:12 UTC] PHP Deprecated:  strpos(): Passing null to parameter #1 ($haystack) of type string is deprecated in C:\Users\ADMIN\Local Sites\ska-core-builder\app\public\wp-content\plugins\ska-no-code-design\blocks\init.php on line 149
[27-Apr-2026 00:29:12 UTC] PHP Deprecated:  strpos(): Passing null to parameter #1 ($haystack) of type string is deprecated in C:\Users\ADMIN\Local Sites\ska-core-builder\app\public\wp-content\plugins\ska-logic-engine\includes\pipeline\class-dynamic-content.php on line 47
[27-Apr-2026 00:29:12 UTC] PHP Deprecated:  strpos(): Passing null to parameter #1 ($haystack) of type string is deprecated in C:\Users\ADMIN\Local Sites\ska-core-builder\app\public\wp-content\plugins\ska-no-code-design\blocks\init.php on line 149
[27-Apr-2026 00:29:12 UTC] PHP Deprecated:  strpos(): Passing null to parameter #1 ($haystack) of type string is deprecated in C:\Users\ADMIN\Local Sites\ska-core-builder\app\public\wp-content\plugins\ska-logic-engine\includes\pipeline\class-dynamic-content.php on line 47
[27-Apr-2026 00:29:12 UTC] PHP Deprecated:  strpos(): Passing null to parameter #1 ($haystack) of type string is deprecated in C:\Users\ADMIN\Local Sites\ska-core-builder\app\public\wp-content\plugins\ska-no-code-design\blocks\init.php on line 149
[27-Apr-2026 00:29:12 UTC] PHP Deprecated:  strpos(): Passing null to parameter #1 ($haystack) of type string is deprecated in C:\Users\ADMIN\Local Sites\ska-core-builder\app\public\wp-content\plugins\ska-logic-engine\includes\pipeline\class-dynamic-content.php on line 47
[27-Apr-2026 00:29:12 UTC] PHP Deprecated:  strpos(): Passing null to parameter #1 ($haystack) of type string is deprecated in C:\Users\ADMIN\Local Sites\ska-core-builder\app\public\wp-content\plugins\ska-no-code-design\blocks\init.php on line 149
[27-Apr-2026 00:29:12 UTC] PHP Deprecated:  strpos(): Passing null to parameter #1 ($haystack) of type string is deprecated in C:\Users\ADMIN\Local Sites\ska-core-builder\app\public\wp-content\plugins\ska-logic-engine\includes\pipeline\class-dynamic-content.php on line 47
[27-Apr-2026 00:29:12 UTC] PHP Deprecated:  strpos(): Passing null to parameter #1 ($haystack) of type string is deprecated in C:\Users\ADMIN\Local Sites\ska-core-builder\app\public\wp-content\plugins\ska-no-code-design\blocks\init.php on line 149
[27-Apr-2026 00:29:12 UTC] PHP Deprecated:  strpos(): Passing null to parameter #1 ($haystack) of type string is deprecated in C:\Users\ADMIN\Local Sites\ska-core-builder\app\public\wp-content\plugins\ska-logic-engine\includes\pipeline\class-dynamic-content.php on line 47
[27-Apr-2026 00:29:12 UTC] PHP Deprecated:  strpos(): Passing null to parameter #1 ($haystack) of type string is deprecated in C:\Users\ADMIN\Local Sites\ska-core-builder\app\public\wp-content\plugins\ska-no-code-design\blocks\init.php on line 149
[27-Apr-2026 00:29:12 UTC] PHP Deprecated:  strpos(): Passing null to parameter #1 ($haystack) of type string is deprecated in C:\Users\ADMIN\Local Sites\ska-core-builder\app\public\wp-content\plugins\ska-logic-engine\includes\pipeline\class-dynamic-content.php on line 47
[27-Apr-2026 00:29:12 UTC] PHP Deprecated:  strpos(): Passing null to parameter #1 ($haystack) of type string is deprecated in C:\Users\ADMIN\Local Sites\ska-core-builder\app\public\wp-content\plugins\ska-no-code-design\blocks\init.php on line 149
[27-Apr-2026 00:29:12 UTC] PHP Deprecated:  strpos(): Passing null to parameter #1 ($haystack) of type string is deprecated in C:\Users\ADMIN\Local Sites\ska-core-builder\app\public\wp-content\plugins\ska-logic-engine\includes\pipeline\class-dynamic-content.php on line 47
[27-Apr-2026 00:29:12 UTC] PHP Deprecated:  strpos(): Passing null to parameter #1 ($haystack) of type string is deprecated in C:\Users\ADMIN\Local Sites\ska-core-builder\app\public\wp-content\plugins\ska-no-code-design\blocks\init.php on line 149
[27-Apr-2026 00:29:12 UTC] PHP Deprecated:  strpos(): Passing null to parameter #1 ($haystack) of type string is deprecated in C:\Users\ADMIN\Local Sites\ska-core-builder\app\public\wp-content\plugins\ska-logic-engine\includes\pipeline\class-dynamic-content.php on line 47
[27-Apr-2026 00:29:12 UTC] PHP Deprecated:  strpos(): Passing null to parameter #1 ($haystack) of type string is deprecated in C:\Users\ADMIN\Local Sites\ska-core-builder\app\public\wp-content\plugins\ska-no-code-design\blocks\init.php on line 149
[27-Apr-2026 00:29:12 UTC] PHP Deprecated:  strpos(): Passing null to parameter #1 ($haystack) of type string is deprecated in C:\Users\ADMIN\Local Sites\ska-core-builder\app\public\wp-content\plugins\ska-logic-engine\includes\pipeline\class-dynamic-content.php on line 47
[27-Apr-2026 00:29:12 UTC] PHP Deprecated:  strpos(): Passing null to parameter #1 ($haystack) of type string is deprecated in C:\Users\ADMIN\Local Sites\ska-core-builder\app\public\wp-content\plugins\ska-no-code-design\blocks\init.php on line 149
[27-Apr-2026 00:29:12 UTC] PHP Deprecated:  strpos(): Passing null to parameter #1 ($haystack) of type string is deprecated in C:\Users\ADMIN\Local Sites\ska-core-builder\app\public\wp-content\plugins\ska-logic-engine\includes\pipeline\class-dynamic-content.php on line 47
[27-Apr-2026 00:29:12 UTC] PHP Deprecated:  strpos(): Passing null to parameter #1 ($haystack) of type string is deprecated in C:\Users\ADMIN\Local Sites\ska-core-builder\app\public\wp-content\plugins\ska-no-code-design\blocks\init.php on line 149
[27-Apr-2026 00:29:12 UTC] PHP Deprecated:  strpos(): Passing null to parameter #1 ($haystack) of type string is deprecated in C:\Users\ADMIN\Local Sites\ska-core-builder\app\public\wp-content\plugins\ska-logic-engine\includes\pipeline\class-dynamic-content.php on line 47
[27-Apr-2026 00:29:12 UTC] PHP Deprecated:  strpos(): Passing null to parameter #1 ($haystack) of type string is deprecated in C:\Users\ADMIN\Local Sites\ska-core-builder\app\public\wp-content\plugins\ska-no-code-design\blocks\init.php on line 149
[27-Apr-2026 00:29:12 UTC] PHP Deprecated:  strpos(): Passing null to parameter #1 ($haystack) of type string is deprecated in C:\Users\ADMIN\Local Sites\ska-core-builder\app\public\wp-content\plugins\ska-logic-engine\includes\pipeline\class-dynamic-content.php on line 47
[27-Apr-2026 00:29:17 UTC] PHP Deprecated:  strpos(): Passing null to parameter #1 ($haystack) of type string is deprecated in C:\Users\ADMIN\Local Sites\ska-core-builder\app\public\wp-content\plugins\ska-no-code-design\inc\design-engine\class-style-manager.php on line 100
[27-Apr-2026 00:29:17 UTC] PHP Deprecated:  strpos(): Passing null to parameter #1 ($haystack) of type string is deprecated in C:\Users\ADMIN\Local Sites\ska-core-builder\app\public\wp-content\plugins\ska-no-code-design\inc\design-engine\class-style-manager.php on line 104
[27-Apr-2026 00:29:17 UTC] PHP Deprecated:  strpos(): Passing null to parameter #1 ($haystack) of type string is deprecated in C:\Users\ADMIN\Local Sites\ska-core-builder\app\public\wp-content\plugins\ska-no-code-design\inc\design-engine\class-style-manager.php on line 100
[27-Apr-2026 00:29:17 UTC] PHP Deprecated:  strpos(): Passing null to parameter #1 ($haystack) of type string is deprecated in C:\Users\ADMIN\Local Sites\ska-core-builder\app\public\wp-content\plugins\ska-no-code-design\inc\design-engine\class-style-manager.php on line 104
[27-Apr-2026 00:29:17 UTC] PHP Deprecated:  strpos(): Passing null to parameter #1 ($haystack) of type string is deprecated in C:\Users\ADMIN\Local Sites\ska-core-builder\app\public\wp-content\plugins\ska-no-code-design\inc\design-engine\class-style-manager.php on line 100
[27-Apr-2026 00:29:17 UTC] PHP Deprecated:  strpos(): Passing null to parameter #1 ($haystack) of type string is deprecated in C:\Users\ADMIN\Local Sites\ska-core-builder\app\public\wp-content\plugins\ska-no-code-design\inc\design-engine\class-style-manager.php on line 104
[27-Apr-2026 00:29:17 UTC] PHP Deprecated:  strpos(): Passing null to parameter #1 ($haystack) of type string is deprecated in C:\Users\ADMIN\Local Sites\ska-core-builder\app\public\wp-content\plugins\ska-no-code-design\inc\design-engine\class-style-manager.php on line 100
[27-Apr-2026 00:29:17 UTC] PHP Deprecated:  strpos(): Passing null to parameter #1 ($haystack) of type string is deprecated in C:\Users\ADMIN\Local Sites\ska-core-builder\app\public\wp-content\plugins\ska-no-code-design\inc\design-engine\class-style-manager.php on line 104
[27-Apr-2026 00:29:17 UTC] PHP Deprecated:  strpos(): Passing null to parameter #1 ($haystack) of type string is deprecated in C:\Users\ADMIN\Local Sites\ska-core-builder\app\public\wp-content\plugins\ska-no-code-design\blocks\init.php on line 149
[27-Apr-2026 00:29:17 UTC] PHP Deprecated:  strpos(): Passing null to parameter #1 ($haystack) of type string is deprecated in C:\Users\ADMIN\Local Sites\ska-core-builder\app\public\wp-content\plugins\ska-logic-engine\includes\pipeline\class-dynamic-content.php on line 47
[27-Apr-2026 00:29:17 UTC] PHP Deprecated:  strpos(): Passing null to parameter #1 ($haystack) of type string is deprecated in C:\Users\ADMIN\Local Sites\ska-core-builder\app\public\wp-content\plugins\ska-no-code-design\blocks\init.php on line 149
[27-Apr-2026 00:29:17 UTC] PHP Deprecated:  strpos(): Passing null to parameter #1 ($haystack) of type string is deprecated in C:\Users\ADMIN\Local Sites\ska-core-builder\app\public\wp-content\plugins\ska-logic-engine\includes\pipeline\class-dynamic-content.php on line 47
[27-Apr-2026 00:29:17 UTC] PHP Deprecated:  strpos(): Passing null to parameter #1 ($haystack) of type string is deprecated in C:\Users\ADMIN\Local Sites\ska-core-builder\app\public\wp-content\plugins\ska-no-code-design\blocks\init.php on line 149
[27-Apr-2026 00:29:17 UTC] PHP Deprecated:  strpos(): Passing null to parameter #1 ($haystack) of type string is deprecated in C:\Users\ADMIN\Local Sites\ska-core-builder\app\public\wp-content\plugins\ska-logic-engine\includes\pipeline\class-dynamic-content.php on line 47
[27-Apr-2026 00:29:17 UTC] PHP Deprecated:  strpos(): Passing null to parameter #1 ($haystack) of type string is deprecated in C:\Users\ADMIN\Local Sites\ska-core-builder\app\public\wp-content\plugins\ska-no-code-design\blocks\init.php on line 149
[27-Apr-2026 00:29:17 UTC] PHP Deprecated:  strpos(): Passing null to parameter #1 ($haystack) of type string is deprecated in C:\Users\ADMIN\Local Sites\ska-core-builder\app\public\wp-content\plugins\ska-logic-engine\includes\pipeline\class-dynamic-content.php on line 47
[27-Apr-2026 00:29:30 UTC] Ska_Workflow_Runner: Đã load graph cho api_test. Nodes count: 4
[27-Apr-2026 00:29:30 UTC] Ska_Logic_DB_Action: Bắt đầu xử lý cho Table wp_ska_data_app_app_viet_de_test_node_logic_test_api_log. Action: insert
[27-Apr-2026 00:29:30 UTC] Mappings: Array
(
    [ten_nguoi_gui] => [http_response.body.name]
    [nghe_nghiep] => [http_response.body.email]
    [api_response_id] => [http_response.body.id]
)

[27-Apr-2026 00:29:31 UTC] Ska_Logic_DB_Action: Đã Insert thành công vào wp_ska_data_app_app_viet_de_test_node_logic_test_api_log, ID: 8
[27-Apr-2026 00:29:34 UTC] PHP Deprecated:  strpos(): Passing null to parameter #1 ($haystack) of type string is deprecated in C:\Users\ADMIN\Local Sites\ska-core-builder\app\public\wp-includes\functions.php on line 7374
[27-Apr-2026 00:29:34 UTC] PHP Deprecated:  str_replace(): Passing null to parameter #3 ($subject) of type array|string is deprecated in C:\Users\ADMIN\Local Sites\ska-core-builder\app\public\wp-includes\functions.php on line 2196
